d:\temp\eda-edjd\codigoaulaseda\aula 4 - listas ligadas\debug\vc142.pdb
d:\temp\eda-edjd\codigoaulaseda\aula 4 - listas ligadas\debug\vc142.idb
d:\temp\eda-edjd\codigoaulaseda\aula 4 - listas ligadas\debug\main.obj
d:\temp\eda-edjd\codigoaulaseda\aula 4 - listas ligadas\debug\listas.obj
d:\temp\eda-edjd\codigoaulaseda\aula 4 - listas ligadas\debug\aula 4 - listas ligadas simples.exe
d:\temp\eda-edjd\codigoaulaseda\aula 4 - listas ligadas\debug\aula 4 - listas ligadas simples.ilk
d:\temp\eda-edjd\codigoaulaseda\aula 4 - listas ligadas\debug\aula 4 - listas ligadas simples.pdb
d:\temp\ledjd-eda-2022-2023\codigoaulaseda\aula 4 - listas ligadas\debug\listas.obj
d:\temp\ledjd-eda-2022-2023\codigoaulaseda\aula 4 - listas ligadas\debug\main.obj
d:\temp\ledjd-eda-2022-2023\codigoaulaseda\aula 4 - listas ligadas\debug\listas.obj.enc
d:\temp\ledjd-eda-2022-2023\codigoaulaseda\aula 4 - listas ligadas\debug\aula 4 - listas ligadas simples.ilk
d:\temp\ledjd-eda-2022-2023\codigoaulaseda\aula 4 - listas ligadas\debug\vc142.idb
d:\temp\ledjd-eda-2022-2023\codigoaulaseda\aula 4 - listas ligadas\debug\aula 4 - listas ligadas simples.pdb
d:\temp\ledjd-eda-2022-2023\codigoaulaseda\aula 4 - listas ligadas\debug\vc142.pdb
d:\temp\ledjd-eda-2022-2023\codigoaulaseda\aula 4 - listas ligadas\debug\aula 4 - listas ligadas simples.exe
d:\temp\ledjd-eda-2022-2023\codigoaulaseda\aula 4 - listas ligadas\debug\aula 4 -.b5ad9746.tlog\cl.command.1.tlog
d:\temp\ledjd-eda-2022-2023\codigoaulaseda\aula 4 - listas ligadas\debug\aula 4 -.b5ad9746.tlog\cl.read.1.tlog
d:\temp\ledjd-eda-2022-2023\codigoaulaseda\aula 4 - listas ligadas\debug\aula 4 -.b5ad9746.tlog\cl.write.1.tlog
d:\temp\ledjd-eda-2022-2023\codigoaulaseda\aula 4 - listas ligadas\debug\aula 4 -.b5ad9746.tlog\link.command.1.tlog
d:\temp\ledjd-eda-2022-2023\codigoaulaseda\aula 4 - listas ligadas\debug\aula 4 -.b5ad9746.tlog\link.read.1.tlog
d:\temp\ledjd-eda-2022-2023\codigoaulaseda\aula 4 - listas ligadas\debug\aula 4 -.b5ad9746.tlog\link.write.1.tlog
