  LAGraph.c
D:\Temp\EDA-EDJD\CodigoAulasEDA\Aula 5 - Grafos - LA\LAGraph.c(66,25): warning C4013: 'malloc' undefined; assuming extern returning int
D:\Temp\EDA-EDJD\CodigoAulasEDA\Aula 5 - Grafos - LA\LAGraph.c(66,44): warning C4312: 'type cast': conversion from 'int' to 'ITEM *' of greater size
D:\Temp\EDA-EDJD\CodigoAulasEDA\Aula 5 - Grafos - LA\LAGraph.c(105,88): warning C4312: 'type cast': conversion from 'int' to 'AdjListNode *' of greater size
D:\Temp\EDA-EDJD\CodigoAulasEDA\Aula 5 - Grafos - LA\LAGraph.c(119,68): warning C4312: 'type cast': conversion from 'int' to 'Graph *' of greater size
D:\Temp\EDA-EDJD\CodigoAulasEDA\Aula 5 - Grafos - LA\LAGraph.c(124,77): warning C4312: 'type cast': conversion from 'int' to 'AdjList *' of greater size
D:\Temp\EDA-EDJD\CodigoAulasEDA\Aula 5 - Grafos - LA\LAGraph.c(260,54): warning C4312: 'type cast': conversion from 'int' to 'Adjacent' of greater size
D:\Temp\EDA-EDJD\CodigoAulasEDA\Aula 5 - Grafos - LA\LAGraph.c(274,6): warning C4013: 'free' undefined; assuming extern returning int
D:\Temp\EDA-EDJD\CodigoAulasEDA\Aula 5 - Grafos - LA\LAGraph.c(282,42): warning C4312: 'type cast': conversion from 'int' to 'Node' of greater size
D:\Temp\EDA-EDJD\CodigoAulasEDA\Aula 5 - Grafos - LA\LAGraph.c(288,54): warning C4312: 'type cast': conversion from 'int' to 'int *' of greater size
D:\Temp\EDA-EDJD\CodigoAulasEDA\Aula 5 - Grafos - LA\LAGraph.c(294,43): warning C4013: 'strlen' undefined; assuming extern returning int
D:\Temp\EDA-EDJD\CodigoAulasEDA\Aula 5 - Grafos - LA\LAGraph.c(294,54): warning C4312: 'type cast': conversion from 'int' to 'char *' of greater size
D:\Temp\EDA-EDJD\CodigoAulasEDA\Aula 5 - Grafos - LA\LAGraph.c(301,8): warning C4013: 'strcpy' undefined; assuming extern returning int
  main.c
D:\Temp\EDA-EDJD\CodigoAulasEDA\Aula 5 - Grafos - LA\main.c(60,29): warning C4305: 'function': truncation from 'double' to 'float'
D:\Temp\EDA-EDJD\CodigoAulasEDA\Aula 5 - Grafos - LA\main.c(65,14): warning C4013: 'printGraph' undefined; assuming extern returning int
D:\Temp\EDA-EDJD\CodigoAulasEDA\Aula 5 - Grafos - LA\main.c(68,20): warning C4013: 'printGraphWeight' undefined; assuming extern returning int
D:\Temp\EDA-EDJD\CodigoAulasEDA\Aula 5 - Grafos - LA\main.c(80,20): warning C4013: 'CreateGraphTable' undefined; assuming extern returning int
D:\Temp\EDA-EDJD\CodigoAulasEDA\Aula 5 - Grafos - LA\main.c(86,18): warning C4013: 'CreateAdjacent' undefined; assuming extern returning int
D:\Temp\EDA-EDJD\CodigoAulasEDA\Aula 5 - Grafos - LA\main.c(105,13): warning C4013: 'ListGraph' undefined; assuming extern returning int
D:\Temp\EDA-EDJD\CodigoAulasEDA\Aula 5 - Grafos - LA\main.c(109,10): warning C4013: 'system' undefined; assuming extern returning int
D:\Temp\EDA-EDJD\CodigoAulasEDA\Aula 5 - Grafos - LA\main.c(27,11): warning C4101: 'a': unreferenced local variable
D:\Temp\EDA-EDJD\CodigoAulasEDA\Aula 5 - Grafos - LA\main.c(27,14): warning C4101: 'b': unreferenced local variable
D:\Temp\EDA-EDJD\CodigoAulasEDA\Aula 5 - Grafos - LA\main.c(27,8): warning C4101: 'i': unreferenced local variable
  Generating Code...
  Aula 5 - Grafos - LA.vcxproj -> D:\Temp\EDA-EDJD\x64\Debug\Aula 5 - Grafos - LA.exe
