d:\temp\eda-edjd\codigoaulaseda\consolidação\ficheiros\ficheiros - csv\debug\vc142.pdb
d:\temp\eda-edjd\codigoaulaseda\consolidação\ficheiros\ficheiros - csv\debug\vc142.idb
d:\temp\eda-edjd\codigoaulaseda\consolidação\ficheiros\ficheiros - csv\debug\readcsv.obj
d:\temp\eda-edjd\codigoaulaseda\consolidação\ficheiros\ficheiros - csv\debug\geredadosc.obj
d:\temp\eda-edjd\codigoaulaseda\consolidação\ficheiros\ficheiros - csv\debug\ficheiros - csv.ilk
d:\temp\eda-edjd\codigoaulaseda\consolidação\ficheiros\ficheiros - csv\debug\ficheiros - csv.exe
d:\temp\eda-edjd\codigoaulaseda\consolidação\ficheiros\ficheiros - csv\debug\ficheiros - csv.pdb
d:\temp\ledjd-eda-2022-2023\codigoaulaseda\consolidação\ficheiros\ficheiros - csv\debug\geredadosc.obj
d:\temp\ledjd-eda-2022-2023\codigoaulaseda\consolidação\ficheiros\ficheiros - csv\debug\readcsv.obj
d:\temp\ledjd-eda-2022-2023\codigoaulaseda\consolidação\ficheiros\ficheiros - csv\debug\ficheiros - csv.ilk
d:\temp\ledjd-eda-2022-2023\codigoaulaseda\consolidação\ficheiros\ficheiros - csv\debug\vc142.idb
d:\temp\ledjd-eda-2022-2023\codigoaulaseda\consolidação\ficheiros\ficheiros - csv\debug\ficheiros - csv.pdb
d:\temp\ledjd-eda-2022-2023\codigoaulaseda\consolidação\ficheiros\ficheiros - csv\debug\vc142.pdb
d:\temp\ledjd-eda-2022-2023\codigoaulaseda\consolidação\ficheiros\ficheiros - csv\debug\ficheiros - csv.exe
d:\temp\ledjd-eda-2022-2023\codigoaulaseda\consolidação\ficheiros\ficheiros - csv\debug\ficheiros - csv.tlog\cl.command.1.tlog
d:\temp\ledjd-eda-2022-2023\codigoaulaseda\consolidação\ficheiros\ficheiros - csv\debug\ficheiros - csv.tlog\cl.read.1.tlog
d:\temp\ledjd-eda-2022-2023\codigoaulaseda\consolidação\ficheiros\ficheiros - csv\debug\ficheiros - csv.tlog\cl.write.1.tlog
d:\temp\ledjd-eda-2022-2023\codigoaulaseda\consolidação\ficheiros\ficheiros - csv\debug\ficheiros - csv.tlog\link.command.1.tlog
d:\temp\ledjd-eda-2022-2023\codigoaulaseda\consolidação\ficheiros\ficheiros - csv\debug\ficheiros - csv.tlog\link.read.1.tlog
d:\temp\ledjd-eda-2022-2023\codigoaulaseda\consolidação\ficheiros\ficheiros - csv\debug\ficheiros - csv.tlog\link.write.1.tlog
